Using pre-set license
Built from '2020.2/staging' branch; Version is '2020.2.3f1 (8ff31bc5bf5b) revision 9433883'; Using compiler version '192528614'; Build Type 'Release'
OS: 'Windows 10 Home; OS build 18363.1556; Version 1909; 64bit' Language: 'en' Physical Memory: 16312 MB
BatchMode: 1, IsHumanControllingUs: 0, StartBugReporterOnCrash: 0, Is64bit: 1, IsPro: 0

 COMMAND LINE ARGUMENTS:
C:\Program Files\Unity\Hub\Editor\2020.2.3f1\Editor\Unity.exe
-adb2
-batchMode
-noUpm
-name
AssetImportWorker0
-projectPath
D:/Unity/RPG/Core RPG
-logFile
Logs/AssetImportWorker0.log
-srvPort
55172
Successfully changed project path to: D:/Unity/RPG/Core RPG
D:/Unity/RPG/Core RPG
Using Asset Import Pipeline V2.
Refreshing native plugins compatible for Editor in 27.01 ms, found 0 plugins.
Preloading 0 native plugins for Editor in 0.00 ms.
Initialize engine version: 2020.2.3f1 (8ff31bc5bf5b)
[Subsystems] Discovering subsystems at path C:/Program Files/Unity/Hub/Editor/2020.2.3f1/Editor/Data/Resources/UnitySubsystems
[Subsystems] Discovering subsystems at path D:/Unity/RPG/Core RPG/Assets
GfxDevice: creating device client; threaded=0
Direct3D:
    Version:  Direct3D 11.0 [level 11.1]
    Renderer: Radeon RX 580 Series (ID=0x67df)
    Vendor:   
    VRAM:     8171 MB
    Driver:   27.20.21002.112
Initialize mono
Mono path[0] = 'C:/Program Files/Unity/Hub/Editor/2020.2.3f1/Editor/Data/Managed'
Mono path[1] = 'C:/Program Files/Unity/Hub/Editor/2020.2.3f1/Editor/Data/MonoBleedingEdge/lib/mono/unityjit'
Mono config path = 'C:/Program Files/Unity/Hub/Editor/2020.2.3f1/Editor/Data/MonoBleedingEdge/etc'
Using monoOptions --debugger-agent=transport=dt_socket,embedding=1,server=y,suspend=n,address=127.0.0.1:56952
Begin MonoManager ReloadAssembly
Registering precompiled unity dll's ...
Register platform support module: C:/Program Files/Unity/Hub/Editor/2020.2.3f1/Editor/Data/PlaybackEngines/WindowsStandaloneSupport/UnityEditor.WindowsStandalone.Extensions.dll
Registered in 0.002516 seconds.
Native extension for WindowsStandalone target not found
Refreshing native plugins compatible for Editor in 25.73 ms, found 0 plugins.
Preloading 0 native plugins for Editor in 0.00 ms.
Invoked RoslynAnalysisRunner static constructor.
RoslynAnalysisRunner will not be running.
RoslynAnalysisRunner has terminated.
Mono: successfully reloaded assembly
- Completed reload, in  1.210 seconds
Platform modules already initialized, skipping
Registering precompiled user dll's ...
Registered in 0.000733 seconds.
Begin MonoManager ReloadAssembly
Native extension for WindowsStandalone target not found
Refreshing native plugins compatible for Editor in 0.25 ms, found 0 plugins.
Preloading 0 native plugins for Editor in 0.00 ms.
Invoked RoslynAnalysisRunner static constructor.
RoslynAnalysisRunner will not be running.
RoslynAnalysisRunner has terminated.
Mono: successfully reloaded assembly
- Completed reload, in  0.909 seconds
Platform modules already initialized, skipping
========================================================================
Worker process is ready to serve import requests
Launched and connected shader compiler UnityShaderCompiler.exe after 0.05 seconds
Refreshing native plugins compatible for Editor in 0.35 ms, found 0 plugins.
Preloading 0 native plugins for Editor in 0.00 ms.
Unloading 1111 Unused Serialized files (Serialized files now loaded: 0)
System memory in use before: 69.1 MB.
System memory in use after: 69.2 MB.

Unloading 10 unused Assets to reduce memory usage. Loaded Objects now: 1571.
Total: 1.924000 ms (FindLiveObjects: 0.176100 ms CreateObjectMapping: 0.037700 ms MarkObjects: 1.600700 ms  DeleteObjects: 0.108300 ms)

========================================================================
Received Import Request.
  path: Assets/Asset Packs/Polygon Sample/Models/SM_Prop_Crate_01.fbx
  artifactKey: Guid(b63a43da9ab50d847ad7383d9176deb6) Importer(815301076,1909f56bfc062723c751e8b465ee728b)
Start importing Assets/Asset Packs/Polygon Sample/Models/SM_Prop_Crate_01.fbx using Guid(b63a43da9ab50d847ad7383d9176deb6) Importer(815301076,1909f56bfc062723c751e8b465ee728b)  -> (artifact id: '45ab97768c6968b1d6d79bd777c8ba6d') in 0.211215 seconds
  Import took 0.213890 seconds .

========================================================================
Received Import Request.
  Time since last request: 0.000568 seconds.
  path: Assets/Asset Packs/Polygon Sample/Models/SM_Env_Tree_010.fbx
  artifactKey: Guid(972d03c69bd979343ac98f730cac008e) Importer(815301076,1909f56bfc062723c751e8b465ee728b)
Start importing Assets/Asset Packs/Polygon Sample/Models/SM_Env_Tree_010.fbx using Guid(972d03c69bd979343ac98f730cac008e) Importer(815301076,1909f56bfc062723c751e8b465ee728b)  -> (artifact id: '7acba645ce39635f2078a509f58ef4f1') in 0.031973 seconds
  Import took 0.033937 seconds .

========================================================================
Received Import Request.
  Time since last request: 0.000193 seconds.
  path: Assets/Asset Packs/Polygon Sample/Models/SM_Bld_Village_02.fbx
  artifactKey: Guid(7cdd4aad661174e418cd81a99eccb1bc) Importer(815301076,1909f56bfc062723c751e8b465ee728b)
Start importing Assets/Asset Packs/Polygon Sample/Models/SM_Bld_Village_02.fbx using Guid(7cdd4aad661174e418cd81a99eccb1bc) Importer(815301076,1909f56bfc062723c751e8b465ee728b)  -> (artifact id: 'be5d585c4233eda65121729cf403339e') in 0.028986 seconds
  Import took 0.031033 seconds .

========================================================================
Received Import Request.
  Time since last request: 0.000192 seconds.
  path: Assets/Asset Packs/Polygon Sample/Models/SM_Env_Tree_03.fbx
  artifactKey: Guid(189a561530b276147a2f2c200d715a84) Importer(815301076,1909f56bfc062723c751e8b465ee728b)
Start importing Assets/Asset Packs/Polygon Sample/Models/SM_Env_Tree_03.fbx using Guid(189a561530b276147a2f2c200d715a84) Importer(815301076,1909f56bfc062723c751e8b465ee728b)  -> (artifact id: 'd691b997333e151a202588cfbaf4ddd2') in 0.023785 seconds
  Import took 0.025821 seconds .

========================================================================
Received Import Request.
  Time since last request: 0.000235 seconds.
  path: Assets/Asset Packs/Polygon Sample/Models/SM_Bld_Hut_01.fbx
  artifactKey: Guid(92f411609fca4d74d98af8e1bd1d4732) Importer(815301076,1909f56bfc062723c751e8b465ee728b)
Start importing Assets/Asset Packs/Polygon Sample/Models/SM_Bld_Hut_01.fbx using Guid(92f411609fca4d74d98af8e1bd1d4732) Importer(815301076,1909f56bfc062723c751e8b465ee728b)  -> (artifact id: '054ee50125bd22b428a075f0445db8b9') in 0.022512 seconds
  Import took 0.025006 seconds .

========================================================================
Received Prepare
Registering precompiled user dll's ...
Registered in 0.000819 seconds.
Begin MonoManager ReloadAssembly
Native extension for WindowsStandalone target not found
Refreshing native plugins compatible for Editor in 0.25 ms, found 0 plugins.
Preloading 0 native plugins for Editor in 0.00 ms.
Invoked RoslynAnalysisRunner static constructor.
RoslynAnalysisRunner will not be running.
RoslynAnalysisRunner has terminated.
Mono: successfully reloaded assembly
- Completed reload, in  0.858 seconds
Platform modules already initialized, skipping
Refreshing native plugins compatible for Editor in 0.25 ms, found 0 plugins.
Preloading 0 native plugins for Editor in 0.00 ms.
Unloading 1106 Unused Serialized files (Serialized files now loaded: 0)
System memory in use before: 72.5 MB.
System memory in use after: 72.5 MB.

Unloading 6 unused Assets to reduce memory usage. Loaded Objects now: 1583.
Total: 1.764400 ms (FindLiveObjects: 0.171300 ms CreateObjectMapping: 0.029900 ms MarkObjects: 1.496000 ms  DeleteObjects: 0.066200 ms)

========================================================================
Received Import Request.
  Time since last request: 287.712322 seconds.
  path: Assets/Scripts/Core/ActionScheduler.cs
  artifactKey: Guid(68b675bea2b487949b796472d2151725) Importer(815301076,1909f56bfc062723c751e8b465ee728b)
Start importing Assets/Scripts/Core/ActionScheduler.cs using Guid(68b675bea2b487949b796472d2151725) Importer(815301076,1909f56bfc062723c751e8b465ee728b)  -> (artifact id: 'c1df7f91bd453ed7fa4b582d512e9944') in 0.018910 seconds
  Import took 0.021152 seconds .

========================================================================
Received Prepare
Registering precompiled user dll's ...
Registered in 0.000771 seconds.
Begin MonoManager ReloadAssembly
Native extension for WindowsStandalone target not found
Refreshing native plugins compatible for Editor in 0.25 ms, found 0 plugins.
Preloading 0 native plugins for Editor in 0.00 ms.
Invoked RoslynAnalysisRunner static constructor.
RoslynAnalysisRunner will not be running.
RoslynAnalysisRunner has terminated.
Mono: successfully reloaded assembly
- Completed reload, in  0.840 seconds
Platform modules already initialized, skipping
Refreshing native plugins compatible for Editor in 0.27 ms, found 0 plugins.
Preloading 0 native plugins for Editor in 0.00 ms.
Unloading 1106 Unused Serialized files (Serialized files now loaded: 0)
System memory in use before: 72.5 MB.
System memory in use after: 72.6 MB.

Unloading 5 unused Assets to reduce memory usage. Loaded Objects now: 1585.
Total: 1.941300 ms (FindLiveObjects: 0.179700 ms CreateObjectMapping: 0.029600 ms MarkObjects: 1.654300 ms  DeleteObjects: 0.076400 ms)

========================================================================
Received Prepare
Registering precompiled user dll's ...
Registered in 0.000860 seconds.
Begin MonoManager ReloadAssembly
Native extension for WindowsStandalone target not found
Refreshing native plugins compatible for Editor in 0.28 ms, found 0 plugins.
Preloading 0 native plugins for Editor in 0.00 ms.
Invoked RoslynAnalysisRunner static constructor.
RoslynAnalysisRunner will not be running.
RoslynAnalysisRunner has terminated.
Mono: successfully reloaded assembly
- Completed reload, in  0.862 seconds
Platform modules already initialized, skipping
Refreshing native plugins compatible for Editor in 0.28 ms, found 0 plugins.
Preloading 0 native plugins for Editor in 0.00 ms.
Unloading 1106 Unused Serialized files (Serialized files now loaded: 0)
System memory in use before: 72.5 MB.
System memory in use after: 72.6 MB.

Unloading 5 unused Assets to reduce memory usage. Loaded Objects now: 1587.
Total: 2.947300 ms (FindLiveObjects: 0.204300 ms CreateObjectMapping: 0.031300 ms MarkObjects: 2.605600 ms  DeleteObjects: 0.103600 ms)

AssetImportWorkerClient::OnTransportError - code=2 error=End of file
